<?xml version="1.0" encoding="UTF-8" ?>
<testsuites>
  <testsuite errors="0" failures="0" hostname="Josephs-MacBook-Air.local" id="0" name="BasicExample" package="com.tekspike" tests="4" time="0.572" timestamp="2011-09-21T02:40:31">
      <properties />

      <testcase classname="com.tekspike.BasicExample" name="test a basic example" time="0.154" />

      <testcase classname="com.tekspike.BasicExample" name="test fibonaci" time="0.054" />

      <testcase classname="com.tekspike.BasicExample" name="test to small of a number" time="0.012" />

      <testcase classname="com.tekspike.BasicExample" name="comparing two decimal numbers" time="0.033" />

      <system-out><![CDATA[the tail : [3]
the tail : class java.util.ArrayList
the tail : [8]
the tail : class java.util.ArrayList
the tail : [34]
the tail : class java.util.ArrayList
]]></system-out>

      <system-err><![CDATA[]]></system-err>

  </testsuite>
  <testsuite errors="0" failures="1" hostname="Josephs-MacBook-Air.local" id="1" name="Lab1_3Tests" package="com.tekspike" tests="1" time="0.035" timestamp="2011-09-21T02:40:31">
      <properties />

      <testcase classname="com.tekspike.Lab1_3Tests" name="testCustomIteration" time="0.0070">
          <failure message="groovy.lang.MissingMethodException: No signature of method: com.tekspike.Lab1_3Tests.eachCollect() is applicable for argument types: (java.util.ArrayList, com.tekspike.Lab1_3Tests$_$spock_feature_0_0_closure1) values: [[1, 2, 3], com.tekspike.Lab1_3Tests$_$spock_feature_0_0_closure1@b083717]" type="groovy.lang.MissingMethodException">groovy.lang.MissingMethodException: No signature of method: com.tekspike.Lab1_3Tests.eachCollect() is applicable for argument types: (java.util.ArrayList, com.tekspike.Lab1_3Tests$_$spock_feature_0_0_closure1) values: [[1, 2, 3], com.tekspike.Lab1_3Tests$_$spock_feature_0_0_closure1@b083717]
	at com.tekspike.Lab1_3Tests.testCustomIteration(Lab1_3Tests.groovy:22)
</failure>

      </testcase>

      <system-out><![CDATA[]]></system-out>

      <system-err><![CDATA[]]></system-err>

  </testsuite>
  <testsuite errors="0" failures="6" hostname="Josephs-MacBook-Air.local" id="2" name="Lab1_4Tests" package="com.tekspike" tests="7" time="0.152" timestamp="2011-09-21T02:40:31">
      <properties />

      <testcase classname="com.tekspike.Lab1_4Tests" name="test1" time="0.0030" />

      <testcase classname="com.tekspike.Lab1_4Tests" name="test2" time="0.118">
          <failure message="Condition not satisfied:  result == [2,4,6,8,10] |      | null   false " type="org.spockframework.runtime.SpockComparisonFailure">Condition not satisfied:

result == [2,4,6,8,10]
|      |
null   false

	at com.tekspike.Lab1_4Tests.test2(Lab1_4Tests.groovy:33)
</failure>

      </testcase>

      <testcase classname="com.tekspike.Lab1_4Tests" name="test4" time="0.0030">
          <failure message="Condition not satisfied:  result == [3,4,5] |      | null   false " type="org.spockframework.runtime.SpockComparisonFailure">Condition not satisfied:

result == [3,4,5]
|      |
null   false

	at com.tekspike.Lab1_4Tests.test4(Lab1_4Tests.groovy:42)
</failure>

      </testcase>

      <testcase classname="com.tekspike.Lab1_4Tests" name="test5" time="0.0010">
          <failure message="Condition not satisfied:  i == 15 | | | false null " type="org.spockframework.runtime.SpockComparisonFailure">Condition not satisfied:

i == 15
| |
| false
null

	at com.tekspike.Lab1_4Tests.test5(Lab1_4Tests.groovy:52)
</failure>

      </testcase>

      <testcase classname="com.tekspike.Lab1_4Tests" name="test6" time="0.0010">
          <failure message="Condition not satisfied:  i == 5 | | | false null " type="org.spockframework.runtime.SpockComparisonFailure">Condition not satisfied:

i == 5
| |
| false
null

	at com.tekspike.Lab1_4Tests.test6(Lab1_4Tests.groovy:61)
</failure>

      </testcase>

      <testcase classname="com.tekspike.Lab1_4Tests" name="test7" time="0.0010">
          <failure message="Condition not satisfied:  i == 1 | | | false null " type="org.spockframework.runtime.SpockComparisonFailure">Condition not satisfied:

i == 1
| |
| false
null

	at com.tekspike.Lab1_4Tests.test7(Lab1_4Tests.groovy:70)
</failure>

      </testcase>

      <testcase classname="com.tekspike.Lab1_4Tests" name="test8" time="0.0020">
          <failure message="Condition not satisfied:  s == &quot;1,2,3,4,5&quot; | | | false null " type="org.spockframework.runtime.SpockComparisonFailure">Condition not satisfied:

s == &quot;1,2,3,4,5&quot;
| |
| false
null

	at com.tekspike.Lab1_4Tests.test8(Lab1_4Tests.groovy:80)
</failure>

      </testcase>

      <system-out><![CDATA[]]></system-out>

      <system-err><![CDATA[]]></system-err>

  </testsuite>
  <testsuite errors="0" failures="2" hostname="Josephs-MacBook-Air.local" id="3" name="Lab1_5Tests" package="com.tekspike" tests="2" time="0.017" timestamp="2011-09-21T02:40:31">
      <properties />

      <testcase classname="com.tekspike.Lab1_5Tests" name="testMetaClassing" time="0.0060">
          <failure message="groovy.lang.MissingMethodException: No signature of method: static com.tekspike.Lab1_0_Iterations.metaClassCollection() is applicable for argument types: () values: []" type="groovy.lang.MissingMethodException">groovy.lang.MissingMethodException: No signature of method: static com.tekspike.Lab1_0_Iterations.metaClassCollection() is applicable for argument types: () values: []
	at com.tekspike.Lab1_5Tests.testMetaClassing(Lab1_5Tests.groovy:17)
</failure>

      </testcase>

      <testcase classname="com.tekspike.Lab1_5Tests" name="testMetaClassingWithAMap" time="0.0010">
          <failure message="groovy.lang.MissingMethodException: No signature of method: static com.tekspike.Lab1_0_Iterations.metaClassCollection() is applicable for argument types: () values: []" type="groovy.lang.MissingMethodException">groovy.lang.MissingMethodException: No signature of method: static com.tekspike.Lab1_0_Iterations.metaClassCollection() is applicable for argument types: () values: []
	at com.tekspike.Lab1_5Tests.testMetaClassingWithAMap(Lab1_5Tests.groovy:33)
</failure>

      </testcase>

      <system-out><![CDATA[]]></system-out>

      <system-err><![CDATA[]]></system-err>

  </testsuite>
  <testsuite errors="0" failures="1" hostname="Josephs-MacBook-Air.local" id="4" name="Lab1_DBTests" package="com.tekspike" tests="1" time="0.04" timestamp="2011-09-21T02:40:32">
      <properties />

      <testcase classname="com.tekspike.Lab1_DBTests" name="testInsertingIntoTheDatabase" time="0.034">
          <failure message="java.lang.NullPointerException: Cannot invoke method execute() on null object" type="java.lang.NullPointerException">java.lang.NullPointerException: Cannot invoke method execute() on null object
	at com.tekspike.sql.MusicDBCaller.createConnection(MusicDBCaller.groovy:19)
	at com.tekspike.Lab1_DBTests.testInsertingIntoTheDatabase(Lab1_DBTests.groovy:28)
</failure>

      </testcase>

      <system-out><![CDATA[]]></system-out>

      <system-err><![CDATA[]]></system-err>

  </testsuite>
  <testsuite errors="0" failures="1" hostname="Josephs-MacBook-Air.local" id="5" name="Lab1_XMLParseTests" package="com.tekspike" tests="1" time="0.025" timestamp="2011-09-21T02:40:32">
      <properties />

      <testcase classname="com.tekspike.Lab1_XMLParseTests" name="testParseXML" time="0.015">
          <failure message="java.lang.NullPointerException: Cannot invoke method getAt() on null object" type="java.lang.NullPointerException">java.lang.NullPointerException: Cannot invoke method getAt() on null object
	at com.tekspike.Lab1_XMLParseTests.testParseXML(Lab1_XMLParseTests.groovy:39)
</failure>

      </testcase>

      <system-out><![CDATA[]]></system-out>

      <system-err><![CDATA[]]></system-err>

  </testsuite>
  <testsuite errors="0" failures="2" hostname="Josephs-MacBook-Air.local" id="6" name="Lab1_XMLTests" package="com.tekspike" tests="2" time="0.074" timestamp="2011-09-21T02:40:32">
      <properties />

      <testcase classname="com.tekspike.Lab1_XMLTests" name="testGenerateAlbumXML" time="0.044">
          <failure message="java.lang.NullPointerException: Cannot invoke method replaceAll() on null object" type="java.lang.NullPointerException">java.lang.NullPointerException: Cannot invoke method replaceAll() on null object
	at com.tekspike.Lab1_XMLTests.testGenerateAlbumXML(Lab1_XMLTests.groovy:34)
</failure>

      </testcase>

      <testcase classname="com.tekspike.Lab1_XMLTests" name="testGenerateAlbumsXML" time="0.017">
          <failure message="java.lang.NullPointerException: Cannot invoke method replaceAll() on null object" type="java.lang.NullPointerException">java.lang.NullPointerException: Cannot invoke method replaceAll() on null object
	at com.tekspike.Lab1_XMLTests.testGenerateAlbumsXML(Lab1_XMLTests.groovy:50)
</failure>

      </testcase>

      <system-out><![CDATA[ JOE :: null
]]></system-out>

      <system-err><![CDATA[]]></system-err>

  </testsuite>
</testsuites>
