<?xml version="1.0" encoding="UTF-8"?>
<testsuite errors="0" failures="1" hostname="Josephs-MacBook-Air.local" name="com.tekspike.Lab1_3Tests" tests="1" time="0.035" timestamp="2011-09-21T02:40:31">
  <properties />
  <testcase classname="com.tekspike.Lab1_3Tests" name="testCustomIteration" time="0.0070">
    <failure message="groovy.lang.MissingMethodException: No signature of method: com.tekspike.Lab1_3Tests.eachCollect() is applicable for argument types: (java.util.ArrayList, com.tekspike.Lab1_3Tests$_$spock_feature_0_0_closure1) values: [[1, 2, 3], com.tekspike.Lab1_3Tests$_$spock_feature_0_0_closure1@b083717]" type="groovy.lang.MissingMethodException">groovy.lang.MissingMethodException: No signature of method: com.tekspike.Lab1_3Tests.eachCollect() is applicable for argument types: (java.util.ArrayList, com.tekspike.Lab1_3Tests$_$spock_feature_0_0_closure1) values: [[1, 2, 3], com.tekspike.Lab1_3Tests$_$spock_feature_0_0_closure1@b083717]
	at com.tekspike.Lab1_3Tests.testCustomIteration(Lab1_3Tests.groovy:22)
</failure>
  </testcase>
  <system-out><![CDATA[]]></system-out>
  <system-err><![CDATA[]]></system-err>
</testsuite>
